Compiling the CXX compiler identification source file "CMakeCXXCompilerId.cpp" failed.
Compiler: /usr/bin/clang++-14 
Build flags: 
Id flags:  

The output was:
1
/usr/bin/ld: cannot find -lstdc++: No such file or directory
clang: error: linker command failed with exit code 1 (use -v to see invocation)


Detecting CXX compiler ABI info failed to compile with the following output:
Change Dir: /home/elliott/Documents/PlatformIO/Projects/lidar_room_scanner/build/CMakeFiles/CMakeTmp

Run Build Command(s):/usr/bin/gmake -f Makefile cmTC_a9571/fast && /usr/bin/gmake  -f CMakeFiles/cmTC_a9571.dir/build.make CMakeFiles/cmTC_a9571.dir/build
gmake[1]: Entering directory '/home/elliott/Documents/PlatformIO/Projects/lidar_room_scanner/build/CMakeFiles/CMakeTmp'
Building CXX object CMakeFiles/cmTC_a9571.dir/CMakeCXXCompilerABI.cpp.o
/usr/bin/clang++-14   -v -MD -MT CMakeFiles/cmTC_a9571.dir/CMakeCXXCompilerABI.cpp.o -MF CMakeFiles/cmTC_a9571.dir/CMakeCXXCompilerABI.cpp.o.d -o CMakeFiles/cmTC_a9571.dir/CMakeCXXCompilerABI.cpp.o -c /usr/share/cmake-3.22/Modules/CMakeCXXCompilerABI.cpp
Ubuntu clang version 14.0.0-1ubuntu1.1
Target: x86_64-pc-linux-gnu
Thread model: posix
InstalledDir: /usr/bin
Found candidate GCC installation: /usr/bin/../lib/gcc/x86_64-linux-gnu/11
Found candidate GCC installation: /usr/bin/../lib/gcc/x86_64-linux-gnu/12
Selected GCC installation: /usr/bin/../lib/gcc/x86_64-linux-gnu/12
Candidate multilib: .;@m64
Selected multilib: .;@m64
 (in-process)
 "/usr/lib/llvm-14/bin/clang" -cc1 -triple x86_64-pc-linux-gnu -emit-obj -mrelax-all --mrelax-relocations -disable-free -clear-ast-before-backend -disable-llvm-verifier -discard-value-names -main-file-name CMakeCXXCompilerABI.cpp -mrelocation-model pic -pic-level 2 -pic-is-pie -mframe-pointer=all -fmath-errno -ffp-contract=on -fno-rounding-math -mconstructor-aliases -funwind-tables=2 -target-cpu x86-64 -tune-cpu generic -mllvm -treat-scalable-fixed-error-as-warning -debugger-tuning=gdb -v -fcoverage-compilation-dir=/home/elliott/Documents/PlatformIO/Projects/lidar_room_scanner/build/CMakeFiles/CMakeTmp -resource-dir /usr/lib/llvm-14/lib/clang/14.0.0 -dependency-file CMakeFiles/cmTC_a9571.dir/CMakeCXXCompilerABI.cpp.o.d -MT CMakeFiles/cmTC_a9571.dir/CMakeCXXCompilerABI.cpp.o -sys-header-deps -internal-isystem /usr/bin/../lib/gcc/x86_64-linux-gnu/12/../../../../include/c++ -internal-isystem /usr/bin/../lib/gcc/x86_64-linux-gnu/12/../../../../include/c++/x86_64-linux-gnu -internal-isystem /usr/bin/../lib/gcc/x86_64-linux-gnu/12/../../../../include/c++/backward -internal-isystem /usr/lib/llvm-14/lib/clang/14.0.0/include -internal-isystem /usr/local/include -internal-isystem /usr/bin/../lib/gcc/x86_64-linux-gnu/12/../../../../x86_64-linux-gnu/include -internal-externc-isystem /usr/include/x86_64-linux-gnu -internal-externc-isystem /include -internal-externc-isystem /usr/include -fdeprecated-macro -fdebug-compilation-dir=/home/elliott/Documents/PlatformIO/Projects/lidar_room_scanner/build/CMakeFiles/CMakeTmp -ferror-limit 19 -fgnuc-version=4.2.1 -fcxx-exceptions -fexceptions -faddrsig -D__GCC_HAVE_DWARF2_CFI_ASM=1 -o CMakeFiles/cmTC_a9571.dir/CMakeCXXCompilerABI.cpp.o -x c++ /usr/share/cmake-3.22/Modules/CMakeCXXCompilerABI.cpp
clang -cc1 version 14.0.0 based upon LLVM 14.0.0 default target x86_64-pc-linux-gnu
ignoring nonexistent directory "/usr/bin/../lib/gcc/x86_64-linux-gnu/12/../../../../include/c++/x86_64-linux-gnu"
ignoring nonexistent directory "/usr/bin/../lib/gcc/x86_64-linux-gnu/12/../../../../include/c++/backward"
ignoring nonexistent directory "/usr/bin/../lib/gcc/x86_64-linux-gnu/12/../../../../x86_64-linux-gnu/include"
ignoring nonexistent directory "/include"
#include "..." search starts here:
#include <...> search starts here:
 /usr/bin/../lib/gcc/x86_64-linux-gnu/12/../../../../include/c++
 /usr/lib/llvm-14/lib/clang/14.0.0/include
 /usr/local/include
 /usr/include/x86_64-linux-gnu
 /usr/include
End of search list.
Linking CXX executable cmTC_a9571
/usr/bin/cmake -E cmake_link_script CMakeFiles/cmTC_a9571.dir/link.txt --verbose=1
/usr/bin/clang++-14  -v CMakeFiles/cmTC_a9571.dir/CMakeCXXCompilerABI.cpp.o -o cmTC_a9571 
Ubuntu clang version 14.0.0-1ubuntu1.1
Target: x86_64-pc-linux-gnu
Thread model: posix
InstalledDir: /usr/bin
Found candidate GCC installation: /usr/bin/../lib/gcc/x86_64-linux-gnu/11
Found candidate GCC installation: /usr/bin/../lib/gcc/x86_64-linux-gnu/12
Selected GCC installation: /usr/bin/../lib/gcc/x86_64-linux-gnu/12
Candidate multilib: .;@m64
Selected multilib: .;@m64
 "/usr/bin/ld" -pie -z relro --hash-style=gnu --build-id --eh-frame-hdr -m elf_x86_64 -dynamic-linker /lib64/ld-linux-x86-64.so.2 -o cmTC_a9571 /lib/x86_64-linux-gnu/Scrt1.o /lib/x86_64-linux-gnu/crti.o /usr/bin/../lib/gcc/x86_64-linux-gnu/12/crtbeginS.o -L/usr/bin/../lib/gcc/x86_64-linux-gnu/12 -L/usr/bin/../lib/gcc/x86_64-linux-gnu/12/../../../../lib64 -L/lib/x86_64-linux-gnu -L/lib/../lib64 -L/usr/lib/x86_64-linux-gnu -L/usr/lib/../lib64 -L/usr/lib/llvm-14/bin/../lib -L/lib -L/usr/lib CMakeFiles/cmTC_a9571.dir/CMakeCXXCompilerABI.cpp.o -lstdc++ -lm -lgcc_s -lgcc -lc -lgcc_s -lgcc /usr/bin/../lib/gcc/x86_64-linux-gnu/12/crtendS.o /lib/x86_64-linux-gnu/crtn.o
/usr/bin/ld: cannot find -lstdc++: No such file or directory
clang: error: linker command failed with exit code 1 (use -v to see invocation)
gmake[1]: *** [CMakeFiles/cmTC_a9571.dir/build.make:100: cmTC_a9571] Error 1
gmake[1]: Leaving directory '/home/elliott/Documents/PlatformIO/Projects/lidar_room_scanner/build/CMakeFiles/CMakeTmp'
gmake: *** [Makefile:127: cmTC_a9571/fast] Error 2




Determining if the CXX compiler works failed with the following output:
Change Dir: /home/elliott/Documents/PlatformIO/Projects/lidar_room_scanner/build/CMakeFiles/CMakeTmp

Run Build Command(s):/usr/bin/gmake -f Makefile cmTC_57503/fast && /usr/bin/gmake  -f CMakeFiles/cmTC_57503.dir/build.make CMakeFiles/cmTC_57503.dir/build
gmake[1]: Entering directory '/home/elliott/Documents/PlatformIO/Projects/lidar_room_scanner/build/CMakeFiles/CMakeTmp'
Building CXX object CMakeFiles/cmTC_57503.dir/testCXXCompiler.cxx.o
/usr/bin/clang++-14    -MD -MT CMakeFiles/cmTC_57503.dir/testCXXCompiler.cxx.o -MF CMakeFiles/cmTC_57503.dir/testCXXCompiler.cxx.o.d -o CMakeFiles/cmTC_57503.dir/testCXXCompiler.cxx.o -c /home/elliott/Documents/PlatformIO/Projects/lidar_room_scanner/build/CMakeFiles/CMakeTmp/testCXXCompiler.cxx
Linking CXX executable cmTC_57503
/usr/bin/cmake -E cmake_link_script CMakeFiles/cmTC_57503.dir/link.txt --verbose=1
/usr/bin/clang++-14 CMakeFiles/cmTC_57503.dir/testCXXCompiler.cxx.o -o cmTC_57503 
/usr/bin/ld: cannot find -lstdc++: No such file or directory
clang: error: linker command failed with exit code 1 (use -v to see invocation)
gmake[1]: *** [CMakeFiles/cmTC_57503.dir/build.make:100: cmTC_57503] Error 1
gmake[1]: Leaving directory '/home/elliott/Documents/PlatformIO/Projects/lidar_room_scanner/build/CMakeFiles/CMakeTmp'
gmake: *** [Makefile:127: cmTC_57503/fast] Error 2



Compiling the CXX compiler identification source file "CMakeCXXCompilerId.cpp" failed.
Compiler: /usr/bin/clang++-14 
Build flags: 
Id flags:  

The output was:
1
/usr/bin/ld: cannot find -lstdc++: No such file or directory
clang: error: linker command failed with exit code 1 (use -v to see invocation)


Detecting CXX compiler ABI info failed to compile with the following output:
Change Dir: /home/elliott/Documents/PlatformIO/Projects/lidar_room_scanner/build/CMakeFiles/CMakeTmp

Run Build Command(s):/usr/bin/gmake -f Makefile cmTC_058aa/fast && /usr/bin/gmake  -f CMakeFiles/cmTC_058aa.dir/build.make CMakeFiles/cmTC_058aa.dir/build
gmake[1]: Entering directory '/home/elliott/Documents/PlatformIO/Projects/lidar_room_scanner/build/CMakeFiles/CMakeTmp'
Building CXX object CMakeFiles/cmTC_058aa.dir/CMakeCXXCompilerABI.cpp.o
/usr/bin/clang++-14   -v -MD -MT CMakeFiles/cmTC_058aa.dir/CMakeCXXCompilerABI.cpp.o -MF CMakeFiles/cmTC_058aa.dir/CMakeCXXCompilerABI.cpp.o.d -o CMakeFiles/cmTC_058aa.dir/CMakeCXXCompilerABI.cpp.o -c /usr/share/cmake-3.22/Modules/CMakeCXXCompilerABI.cpp
Ubuntu clang version 14.0.0-1ubuntu1.1
Target: x86_64-pc-linux-gnu
Thread model: posix
InstalledDir: /usr/bin
Found candidate GCC installation: /usr/bin/../lib/gcc/x86_64-linux-gnu/11
Found candidate GCC installation: /usr/bin/../lib/gcc/x86_64-linux-gnu/12
Selected GCC installation: /usr/bin/../lib/gcc/x86_64-linux-gnu/12
Candidate multilib: .;@m64
Selected multilib: .;@m64
 (in-process)
 "/usr/lib/llvm-14/bin/clang" -cc1 -triple x86_64-pc-linux-gnu -emit-obj -mrelax-all --mrelax-relocations -disable-free -clear-ast-before-backend -disable-llvm-verifier -discard-value-names -main-file-name CMakeCXXCompilerABI.cpp -mrelocation-model pic -pic-level 2 -pic-is-pie -mframe-pointer=all -fmath-errno -ffp-contract=on -fno-rounding-math -mconstructor-aliases -funwind-tables=2 -target-cpu x86-64 -tune-cpu generic -mllvm -treat-scalable-fixed-error-as-warning -debugger-tuning=gdb -v -fcoverage-compilation-dir=/home/elliott/Documents/PlatformIO/Projects/lidar_room_scanner/build/CMakeFiles/CMakeTmp -resource-dir /usr/lib/llvm-14/lib/clang/14.0.0 -dependency-file CMakeFiles/cmTC_058aa.dir/CMakeCXXCompilerABI.cpp.o.d -MT CMakeFiles/cmTC_058aa.dir/CMakeCXXCompilerABI.cpp.o -sys-header-deps -internal-isystem /usr/bin/../lib/gcc/x86_64-linux-gnu/12/../../../../include/c++ -internal-isystem /usr/bin/../lib/gcc/x86_64-linux-gnu/12/../../../../include/c++/x86_64-linux-gnu -internal-isystem /usr/bin/../lib/gcc/x86_64-linux-gnu/12/../../../../include/c++/backward -internal-isystem /usr/lib/llvm-14/lib/clang/14.0.0/include -internal-isystem /usr/local/include -internal-isystem /usr/bin/../lib/gcc/x86_64-linux-gnu/12/../../../../x86_64-linux-gnu/include -internal-externc-isystem /usr/include/x86_64-linux-gnu -internal-externc-isystem /include -internal-externc-isystem /usr/include -fdeprecated-macro -fdebug-compilation-dir=/home/elliott/Documents/PlatformIO/Projects/lidar_room_scanner/build/CMakeFiles/CMakeTmp -ferror-limit 19 -fgnuc-version=4.2.1 -fcxx-exceptions -fexceptions -faddrsig -D__GCC_HAVE_DWARF2_CFI_ASM=1 -o CMakeFiles/cmTC_058aa.dir/CMakeCXXCompilerABI.cpp.o -x c++ /usr/share/cmake-3.22/Modules/CMakeCXXCompilerABI.cpp
clang -cc1 version 14.0.0 based upon LLVM 14.0.0 default target x86_64-pc-linux-gnu
ignoring nonexistent directory "/usr/bin/../lib/gcc/x86_64-linux-gnu/12/../../../../include/c++/x86_64-linux-gnu"
ignoring nonexistent directory "/usr/bin/../lib/gcc/x86_64-linux-gnu/12/../../../../include/c++/backward"
ignoring nonexistent directory "/usr/bin/../lib/gcc/x86_64-linux-gnu/12/../../../../x86_64-linux-gnu/include"
ignoring nonexistent directory "/include"
#include "..." search starts here:
#include <...> search starts here:
 /usr/bin/../lib/gcc/x86_64-linux-gnu/12/../../../../include/c++
 /usr/lib/llvm-14/lib/clang/14.0.0/include
 /usr/local/include
 /usr/include/x86_64-linux-gnu
 /usr/include
End of search list.
Linking CXX executable cmTC_058aa
/usr/bin/cmake -E cmake_link_script CMakeFiles/cmTC_058aa.dir/link.txt --verbose=1
/usr/bin/clang++-14  -v CMakeFiles/cmTC_058aa.dir/CMakeCXXCompilerABI.cpp.o -o cmTC_058aa 
Ubuntu clang version 14.0.0-1ubuntu1.1
Target: x86_64-pc-linux-gnu
Thread model: posix
InstalledDir: /usr/bin
Found candidate GCC installation: /usr/bin/../lib/gcc/x86_64-linux-gnu/11
Found candidate GCC installation: /usr/bin/../lib/gcc/x86_64-linux-gnu/12
Selected GCC installation: /usr/bin/../lib/gcc/x86_64-linux-gnu/12
Candidate multilib: .;@m64
Selected multilib: .;@m64
 "/usr/bin/ld" -pie -z relro --hash-style=gnu --build-id --eh-frame-hdr -m elf_x86_64 -dynamic-linker /lib64/ld-linux-x86-64.so.2 -o cmTC_058aa /lib/x86_64-linux-gnu/Scrt1.o /lib/x86_64-linux-gnu/crti.o /usr/bin/../lib/gcc/x86_64-linux-gnu/12/crtbeginS.o -L/usr/bin/../lib/gcc/x86_64-linux-gnu/12 -L/usr/bin/../lib/gcc/x86_64-linux-gnu/12/../../../../lib64 -L/lib/x86_64-linux-gnu -L/lib/../lib64 -L/usr/lib/x86_64-linux-gnu -L/usr/lib/../lib64 -L/usr/lib/llvm-14/bin/../lib -L/lib -L/usr/lib CMakeFiles/cmTC_058aa.dir/CMakeCXXCompilerABI.cpp.o -lstdc++ -lm -lgcc_s -lgcc -lc -lgcc_s -lgcc /usr/bin/../lib/gcc/x86_64-linux-gnu/12/crtendS.o /lib/x86_64-linux-gnu/crtn.o
/usr/bin/ld: cannot find -lstdc++: No such file or directory
clang: error: linker command failed with exit code 1 (use -v to see invocation)
gmake[1]: *** [CMakeFiles/cmTC_058aa.dir/build.make:100: cmTC_058aa] Error 1
gmake[1]: Leaving directory '/home/elliott/Documents/PlatformIO/Projects/lidar_room_scanner/build/CMakeFiles/CMakeTmp'
gmake: *** [Makefile:127: cmTC_058aa/fast] Error 2




Determining if the CXX compiler works failed with the following output:
Change Dir: /home/elliott/Documents/PlatformIO/Projects/lidar_room_scanner/build/CMakeFiles/CMakeTmp

Run Build Command(s):/usr/bin/gmake -f Makefile cmTC_a345b/fast && /usr/bin/gmake  -f CMakeFiles/cmTC_a345b.dir/build.make CMakeFiles/cmTC_a345b.dir/build
gmake[1]: Entering directory '/home/elliott/Documents/PlatformIO/Projects/lidar_room_scanner/build/CMakeFiles/CMakeTmp'
Building CXX object CMakeFiles/cmTC_a345b.dir/testCXXCompiler.cxx.o
/usr/bin/clang++-14    -MD -MT CMakeFiles/cmTC_a345b.dir/testCXXCompiler.cxx.o -MF CMakeFiles/cmTC_a345b.dir/testCXXCompiler.cxx.o.d -o CMakeFiles/cmTC_a345b.dir/testCXXCompiler.cxx.o -c /home/elliott/Documents/PlatformIO/Projects/lidar_room_scanner/build/CMakeFiles/CMakeTmp/testCXXCompiler.cxx
Linking CXX executable cmTC_a345b
/usr/bin/cmake -E cmake_link_script CMakeFiles/cmTC_a345b.dir/link.txt --verbose=1
/usr/bin/clang++-14 CMakeFiles/cmTC_a345b.dir/testCXXCompiler.cxx.o -o cmTC_a345b 
/usr/bin/ld: cannot find -lstdc++: No such file or directory
clang: error: linker command failed with exit code 1 (use -v to see invocation)
gmake[1]: *** [CMakeFiles/cmTC_a345b.dir/build.make:100: cmTC_a345b] Error 1
gmake[1]: Leaving directory '/home/elliott/Documents/PlatformIO/Projects/lidar_room_scanner/build/CMakeFiles/CMakeTmp'
gmake: *** [Makefile:127: cmTC_a345b/fast] Error 2



Compiling the CXX compiler identification source file "CMakeCXXCompilerId.cpp" failed.
Compiler: /usr/bin/clang++-14 
Build flags: 
Id flags:  

The output was:
1
/usr/bin/ld: cannot find -lstdc++: No such file or directory
clang: error: linker command failed with exit code 1 (use -v to see invocation)


Detecting CXX compiler ABI info failed to compile with the following output:
Change Dir: /home/elliott/Documents/PlatformIO/Projects/lidar_room_scanner/build/CMakeFiles/CMakeTmp

Run Build Command(s):/usr/bin/gmake -f Makefile cmTC_c26c9/fast && /usr/bin/gmake  -f CMakeFiles/cmTC_c26c9.dir/build.make CMakeFiles/cmTC_c26c9.dir/build
gmake[1]: Entering directory '/home/elliott/Documents/PlatformIO/Projects/lidar_room_scanner/build/CMakeFiles/CMakeTmp'
Building CXX object CMakeFiles/cmTC_c26c9.dir/CMakeCXXCompilerABI.cpp.o
/usr/bin/clang++-14   -v -MD -MT CMakeFiles/cmTC_c26c9.dir/CMakeCXXCompilerABI.cpp.o -MF CMakeFiles/cmTC_c26c9.dir/CMakeCXXCompilerABI.cpp.o.d -o CMakeFiles/cmTC_c26c9.dir/CMakeCXXCompilerABI.cpp.o -c /usr/share/cmake-3.22/Modules/CMakeCXXCompilerABI.cpp
Ubuntu clang version 14.0.0-1ubuntu1.1
Target: x86_64-pc-linux-gnu
Thread model: posix
InstalledDir: /usr/bin
Found candidate GCC installation: /usr/bin/../lib/gcc/x86_64-linux-gnu/11
Found candidate GCC installation: /usr/bin/../lib/gcc/x86_64-linux-gnu/12
Selected GCC installation: /usr/bin/../lib/gcc/x86_64-linux-gnu/12
Candidate multilib: .;@m64
Selected multilib: .;@m64
 (in-process)
 "/usr/lib/llvm-14/bin/clang" -cc1 -triple x86_64-pc-linux-gnu -emit-obj -mrelax-all --mrelax-relocations -disable-free -clear-ast-before-backend -disable-llvm-verifier -discard-value-names -main-file-name CMakeCXXCompilerABI.cpp -mrelocation-model pic -pic-level 2 -pic-is-pie -mframe-pointer=all -fmath-errno -ffp-contract=on -fno-rounding-math -mconstructor-aliases -funwind-tables=2 -target-cpu x86-64 -tune-cpu generic -mllvm -treat-scalable-fixed-error-as-warning -debugger-tuning=gdb -v -fcoverage-compilation-dir=/home/elliott/Documents/PlatformIO/Projects/lidar_room_scanner/build/CMakeFiles/CMakeTmp -resource-dir /usr/lib/llvm-14/lib/clang/14.0.0 -dependency-file CMakeFiles/cmTC_c26c9.dir/CMakeCXXCompilerABI.cpp.o.d -MT CMakeFiles/cmTC_c26c9.dir/CMakeCXXCompilerABI.cpp.o -sys-header-deps -internal-isystem /usr/bin/../lib/gcc/x86_64-linux-gnu/12/../../../../include/c++ -internal-isystem /usr/bin/../lib/gcc/x86_64-linux-gnu/12/../../../../include/c++/x86_64-linux-gnu -internal-isystem /usr/bin/../lib/gcc/x86_64-linux-gnu/12/../../../../include/c++/backward -internal-isystem /usr/lib/llvm-14/lib/clang/14.0.0/include -internal-isystem /usr/local/include -internal-isystem /usr/bin/../lib/gcc/x86_64-linux-gnu/12/../../../../x86_64-linux-gnu/include -internal-externc-isystem /usr/include/x86_64-linux-gnu -internal-externc-isystem /include -internal-externc-isystem /usr/include -fdeprecated-macro -fdebug-compilation-dir=/home/elliott/Documents/PlatformIO/Projects/lidar_room_scanner/build/CMakeFiles/CMakeTmp -ferror-limit 19 -fgnuc-version=4.2.1 -fcxx-exceptions -fexceptions -faddrsig -D__GCC_HAVE_DWARF2_CFI_ASM=1 -o CMakeFiles/cmTC_c26c9.dir/CMakeCXXCompilerABI.cpp.o -x c++ /usr/share/cmake-3.22/Modules/CMakeCXXCompilerABI.cpp
clang -cc1 version 14.0.0 based upon LLVM 14.0.0 default target x86_64-pc-linux-gnu
ignoring nonexistent directory "/usr/bin/../lib/gcc/x86_64-linux-gnu/12/../../../../include/c++/x86_64-linux-gnu"
ignoring nonexistent directory "/usr/bin/../lib/gcc/x86_64-linux-gnu/12/../../../../include/c++/backward"
ignoring nonexistent directory "/usr/bin/../lib/gcc/x86_64-linux-gnu/12/../../../../x86_64-linux-gnu/include"
ignoring nonexistent directory "/include"
#include "..." search starts here:
#include <...> search starts here:
 /usr/bin/../lib/gcc/x86_64-linux-gnu/12/../../../../include/c++
 /usr/lib/llvm-14/lib/clang/14.0.0/include
 /usr/local/include
 /usr/include/x86_64-linux-gnu
 /usr/include
End of search list.
Linking CXX executable cmTC_c26c9
/usr/bin/cmake -E cmake_link_script CMakeFiles/cmTC_c26c9.dir/link.txt --verbose=1
/usr/bin/clang++-14  -v CMakeFiles/cmTC_c26c9.dir/CMakeCXXCompilerABI.cpp.o -o cmTC_c26c9 
Ubuntu clang version 14.0.0-1ubuntu1.1
Target: x86_64-pc-linux-gnu
Thread model: posix
InstalledDir: /usr/bin
Found candidate GCC installation: /usr/bin/../lib/gcc/x86_64-linux-gnu/11
Found candidate GCC installation: /usr/bin/../lib/gcc/x86_64-linux-gnu/12
Selected GCC installation: /usr/bin/../lib/gcc/x86_64-linux-gnu/12
Candidate multilib: .;@m64
Selected multilib: .;@m64
 "/usr/bin/ld" -pie -z relro --hash-style=gnu --build-id --eh-frame-hdr -m elf_x86_64 -dynamic-linker /lib64/ld-linux-x86-64.so.2 -o cmTC_c26c9 /lib/x86_64-linux-gnu/Scrt1.o /lib/x86_64-linux-gnu/crti.o /usr/bin/../lib/gcc/x86_64-linux-gnu/12/crtbeginS.o -L/usr/bin/../lib/gcc/x86_64-linux-gnu/12 -L/usr/bin/../lib/gcc/x86_64-linux-gnu/12/../../../../lib64 -L/lib/x86_64-linux-gnu -L/lib/../lib64 -L/usr/lib/x86_64-linux-gnu -L/usr/lib/../lib64 -L/usr/lib/llvm-14/bin/../lib -L/lib -L/usr/lib CMakeFiles/cmTC_c26c9.dir/CMakeCXXCompilerABI.cpp.o -lstdc++ -lm -lgcc_s -lgcc -lc -lgcc_s -lgcc /usr/bin/../lib/gcc/x86_64-linux-gnu/12/crtendS.o /lib/x86_64-linux-gnu/crtn.o
/usr/bin/ld: cannot find -lstdc++: No such file or directory
clang: error: linker command failed with exit code 1 (use -v to see invocation)
gmake[1]: *** [CMakeFiles/cmTC_c26c9.dir/build.make:100: cmTC_c26c9] Error 1
gmake[1]: Leaving directory '/home/elliott/Documents/PlatformIO/Projects/lidar_room_scanner/build/CMakeFiles/CMakeTmp'
gmake: *** [Makefile:127: cmTC_c26c9/fast] Error 2




Determining if the CXX compiler works failed with the following output:
Change Dir: /home/elliott/Documents/PlatformIO/Projects/lidar_room_scanner/build/CMakeFiles/CMakeTmp

Run Build Command(s):/usr/bin/gmake -f Makefile cmTC_51f20/fast && /usr/bin/gmake  -f CMakeFiles/cmTC_51f20.dir/build.make CMakeFiles/cmTC_51f20.dir/build
gmake[1]: Entering directory '/home/elliott/Documents/PlatformIO/Projects/lidar_room_scanner/build/CMakeFiles/CMakeTmp'
Building CXX object CMakeFiles/cmTC_51f20.dir/testCXXCompiler.cxx.o
/usr/bin/clang++-14    -MD -MT CMakeFiles/cmTC_51f20.dir/testCXXCompiler.cxx.o -MF CMakeFiles/cmTC_51f20.dir/testCXXCompiler.cxx.o.d -o CMakeFiles/cmTC_51f20.dir/testCXXCompiler.cxx.o -c /home/elliott/Documents/PlatformIO/Projects/lidar_room_scanner/build/CMakeFiles/CMakeTmp/testCXXCompiler.cxx
Linking CXX executable cmTC_51f20
/usr/bin/cmake -E cmake_link_script CMakeFiles/cmTC_51f20.dir/link.txt --verbose=1
/usr/bin/clang++-14 CMakeFiles/cmTC_51f20.dir/testCXXCompiler.cxx.o -o cmTC_51f20 
/usr/bin/ld: cannot find -lstdc++: No such file or directory
clang: error: linker command failed with exit code 1 (use -v to see invocation)
gmake[1]: *** [CMakeFiles/cmTC_51f20.dir/build.make:100: cmTC_51f20] Error 1
gmake[1]: Leaving directory '/home/elliott/Documents/PlatformIO/Projects/lidar_room_scanner/build/CMakeFiles/CMakeTmp'
gmake: *** [Makefile:127: cmTC_51f20/fast] Error 2



Compiling the CXX compiler identification source file "CMakeCXXCompilerId.cpp" failed.
Compiler: /usr/bin/clang++-14 
Build flags: 
Id flags:  

The output was:
1
/usr/bin/ld: cannot find -lstdc++: No such file or directory
clang: error: linker command failed with exit code 1 (use -v to see invocation)


Detecting CXX compiler ABI info failed to compile with the following output:
Change Dir: /home/elliott/Documents/PlatformIO/Projects/lidar_room_scanner/build/CMakeFiles/CMakeTmp

Run Build Command(s):/usr/bin/gmake -f Makefile cmTC_0495d/fast && /usr/bin/gmake  -f CMakeFiles/cmTC_0495d.dir/build.make CMakeFiles/cmTC_0495d.dir/build
gmake[1]: Entering directory '/home/elliott/Documents/PlatformIO/Projects/lidar_room_scanner/build/CMakeFiles/CMakeTmp'
Building CXX object CMakeFiles/cmTC_0495d.dir/CMakeCXXCompilerABI.cpp.o
/usr/bin/clang++-14   -v -MD -MT CMakeFiles/cmTC_0495d.dir/CMakeCXXCompilerABI.cpp.o -MF CMakeFiles/cmTC_0495d.dir/CMakeCXXCompilerABI.cpp.o.d -o CMakeFiles/cmTC_0495d.dir/CMakeCXXCompilerABI.cpp.o -c /usr/share/cmake-3.22/Modules/CMakeCXXCompilerABI.cpp
Ubuntu clang version 14.0.0-1ubuntu1.1
Target: x86_64-pc-linux-gnu
Thread model: posix
InstalledDir: /usr/bin
Found candidate GCC installation: /usr/bin/../lib/gcc/x86_64-linux-gnu/11
Found candidate GCC installation: /usr/bin/../lib/gcc/x86_64-linux-gnu/12
Selected GCC installation: /usr/bin/../lib/gcc/x86_64-linux-gnu/12
Candidate multilib: .;@m64
Selected multilib: .;@m64
 (in-process)
 "/usr/lib/llvm-14/bin/clang" -cc1 -triple x86_64-pc-linux-gnu -emit-obj -mrelax-all --mrelax-relocations -disable-free -clear-ast-before-backend -disable-llvm-verifier -discard-value-names -main-file-name CMakeCXXCompilerABI.cpp -mrelocation-model pic -pic-level 2 -pic-is-pie -mframe-pointer=all -fmath-errno -ffp-contract=on -fno-rounding-math -mconstructor-aliases -funwind-tables=2 -target-cpu x86-64 -tune-cpu generic -mllvm -treat-scalable-fixed-error-as-warning -debugger-tuning=gdb -v -fcoverage-compilation-dir=/home/elliott/Documents/PlatformIO/Projects/lidar_room_scanner/build/CMakeFiles/CMakeTmp -resource-dir /usr/lib/llvm-14/lib/clang/14.0.0 -dependency-file CMakeFiles/cmTC_0495d.dir/CMakeCXXCompilerABI.cpp.o.d -MT CMakeFiles/cmTC_0495d.dir/CMakeCXXCompilerABI.cpp.o -sys-header-deps -internal-isystem /usr/bin/../lib/gcc/x86_64-linux-gnu/12/../../../../include/c++ -internal-isystem /usr/bin/../lib/gcc/x86_64-linux-gnu/12/../../../../include/c++/x86_64-linux-gnu -internal-isystem /usr/bin/../lib/gcc/x86_64-linux-gnu/12/../../../../include/c++/backward -internal-isystem /usr/lib/llvm-14/lib/clang/14.0.0/include -internal-isystem /usr/local/include -internal-isystem /usr/bin/../lib/gcc/x86_64-linux-gnu/12/../../../../x86_64-linux-gnu/include -internal-externc-isystem /usr/include/x86_64-linux-gnu -internal-externc-isystem /include -internal-externc-isystem /usr/include -fdeprecated-macro -fdebug-compilation-dir=/home/elliott/Documents/PlatformIO/Projects/lidar_room_scanner/build/CMakeFiles/CMakeTmp -ferror-limit 19 -fgnuc-version=4.2.1 -fcxx-exceptions -fexceptions -faddrsig -D__GCC_HAVE_DWARF2_CFI_ASM=1 -o CMakeFiles/cmTC_0495d.dir/CMakeCXXCompilerABI.cpp.o -x c++ /usr/share/cmake-3.22/Modules/CMakeCXXCompilerABI.cpp
clang -cc1 version 14.0.0 based upon LLVM 14.0.0 default target x86_64-pc-linux-gnu
ignoring nonexistent directory "/usr/bin/../lib/gcc/x86_64-linux-gnu/12/../../../../include/c++/x86_64-linux-gnu"
ignoring nonexistent directory "/usr/bin/../lib/gcc/x86_64-linux-gnu/12/../../../../include/c++/backward"
ignoring nonexistent directory "/usr/bin/../lib/gcc/x86_64-linux-gnu/12/../../../../x86_64-linux-gnu/include"
ignoring nonexistent directory "/include"
#include "..." search starts here:
#include <...> search starts here:
 /usr/bin/../lib/gcc/x86_64-linux-gnu/12/../../../../include/c++
 /usr/lib/llvm-14/lib/clang/14.0.0/include
 /usr/local/include
 /usr/include/x86_64-linux-gnu
 /usr/include
End of search list.
Linking CXX executable cmTC_0495d
/usr/bin/cmake -E cmake_link_script CMakeFiles/cmTC_0495d.dir/link.txt --verbose=1
/usr/bin/clang++-14  -v CMakeFiles/cmTC_0495d.dir/CMakeCXXCompilerABI.cpp.o -o cmTC_0495d 
Ubuntu clang version 14.0.0-1ubuntu1.1
Target: x86_64-pc-linux-gnu
Thread model: posix
InstalledDir: /usr/bin
Found candidate GCC installation: /usr/bin/../lib/gcc/x86_64-linux-gnu/11
Found candidate GCC installation: /usr/bin/../lib/gcc/x86_64-linux-gnu/12
Selected GCC installation: /usr/bin/../lib/gcc/x86_64-linux-gnu/12
Candidate multilib: .;@m64
Selected multilib: .;@m64
 "/usr/bin/ld" -pie -z relro --hash-style=gnu --build-id --eh-frame-hdr -m elf_x86_64 -dynamic-linker /lib64/ld-linux-x86-64.so.2 -o cmTC_0495d /lib/x86_64-linux-gnu/Scrt1.o /lib/x86_64-linux-gnu/crti.o /usr/bin/../lib/gcc/x86_64-linux-gnu/12/crtbeginS.o -L/usr/bin/../lib/gcc/x86_64-linux-gnu/12 -L/usr/bin/../lib/gcc/x86_64-linux-gnu/12/../../../../lib64 -L/lib/x86_64-linux-gnu -L/lib/../lib64 -L/usr/lib/x86_64-linux-gnu -L/usr/lib/../lib64 -L/usr/lib/llvm-14/bin/../lib -L/lib -L/usr/lib CMakeFiles/cmTC_0495d.dir/CMakeCXXCompilerABI.cpp.o -lstdc++ -lm -lgcc_s -lgcc -lc -lgcc_s -lgcc /usr/bin/../lib/gcc/x86_64-linux-gnu/12/crtendS.o /lib/x86_64-linux-gnu/crtn.o
/usr/bin/ld: cannot find -lstdc++: No such file or directory
clang: error: linker command failed with exit code 1 (use -v to see invocation)
gmake[1]: *** [CMakeFiles/cmTC_0495d.dir/build.make:100: cmTC_0495d] Error 1
gmake[1]: Leaving directory '/home/elliott/Documents/PlatformIO/Projects/lidar_room_scanner/build/CMakeFiles/CMakeTmp'
gmake: *** [Makefile:127: cmTC_0495d/fast] Error 2




Determining if the CXX compiler works failed with the following output:
Change Dir: /home/elliott/Documents/PlatformIO/Projects/lidar_room_scanner/build/CMakeFiles/CMakeTmp

Run Build Command(s):/usr/bin/gmake -f Makefile cmTC_3c315/fast && /usr/bin/gmake  -f CMakeFiles/cmTC_3c315.dir/build.make CMakeFiles/cmTC_3c315.dir/build
gmake[1]: Entering directory '/home/elliott/Documents/PlatformIO/Projects/lidar_room_scanner/build/CMakeFiles/CMakeTmp'
Building CXX object CMakeFiles/cmTC_3c315.dir/testCXXCompiler.cxx.o
/usr/bin/clang++-14    -MD -MT CMakeFiles/cmTC_3c315.dir/testCXXCompiler.cxx.o -MF CMakeFiles/cmTC_3c315.dir/testCXXCompiler.cxx.o.d -o CMakeFiles/cmTC_3c315.dir/testCXXCompiler.cxx.o -c /home/elliott/Documents/PlatformIO/Projects/lidar_room_scanner/build/CMakeFiles/CMakeTmp/testCXXCompiler.cxx
Linking CXX executable cmTC_3c315
/usr/bin/cmake -E cmake_link_script CMakeFiles/cmTC_3c315.dir/link.txt --verbose=1
/usr/bin/clang++-14 CMakeFiles/cmTC_3c315.dir/testCXXCompiler.cxx.o -o cmTC_3c315 
/usr/bin/ld: cannot find -lstdc++: No such file or directory
clang: error: linker command failed with exit code 1 (use -v to see invocation)
gmake[1]: *** [CMakeFiles/cmTC_3c315.dir/build.make:100: cmTC_3c315] Error 1
gmake[1]: Leaving directory '/home/elliott/Documents/PlatformIO/Projects/lidar_room_scanner/build/CMakeFiles/CMakeTmp'
gmake: *** [Makefile:127: cmTC_3c315/fast] Error 2



Compiling the CXX compiler identification source file "CMakeCXXCompilerId.cpp" failed.
Compiler: /usr/bin/clang++-14 
Build flags: 
Id flags:  

The output was:
1
/usr/bin/ld: cannot find -lstdc++: No such file or directory
clang: error: linker command failed with exit code 1 (use -v to see invocation)


Detecting CXX compiler ABI info failed to compile with the following output:
Change Dir: /home/elliott/Documents/PlatformIO/Projects/lidar_room_scanner/build/CMakeFiles/CMakeTmp

Run Build Command(s):/usr/bin/gmake -f Makefile cmTC_68d21/fast && /usr/bin/gmake  -f CMakeFiles/cmTC_68d21.dir/build.make CMakeFiles/cmTC_68d21.dir/build
gmake[1]: Entering directory '/home/elliott/Documents/PlatformIO/Projects/lidar_room_scanner/build/CMakeFiles/CMakeTmp'
Building CXX object CMakeFiles/cmTC_68d21.dir/CMakeCXXCompilerABI.cpp.o
/usr/bin/clang++-14   -v -MD -MT CMakeFiles/cmTC_68d21.dir/CMakeCXXCompilerABI.cpp.o -MF CMakeFiles/cmTC_68d21.dir/CMakeCXXCompilerABI.cpp.o.d -o CMakeFiles/cmTC_68d21.dir/CMakeCXXCompilerABI.cpp.o -c /usr/share/cmake-3.22/Modules/CMakeCXXCompilerABI.cpp
Ubuntu clang version 14.0.0-1ubuntu1.1
Target: x86_64-pc-linux-gnu
Thread model: posix
InstalledDir: /usr/bin
Found candidate GCC installation: /usr/bin/../lib/gcc/x86_64-linux-gnu/11
Found candidate GCC installation: /usr/bin/../lib/gcc/x86_64-linux-gnu/12
Selected GCC installation: /usr/bin/../lib/gcc/x86_64-linux-gnu/12
Candidate multilib: .;@m64
Selected multilib: .;@m64
 (in-process)
 "/usr/lib/llvm-14/bin/clang" -cc1 -triple x86_64-pc-linux-gnu -emit-obj -mrelax-all --mrelax-relocations -disable-free -clear-ast-before-backend -disable-llvm-verifier -discard-value-names -main-file-name CMakeCXXCompilerABI.cpp -mrelocation-model pic -pic-level 2 -pic-is-pie -mframe-pointer=all -fmath-errno -ffp-contract=on -fno-rounding-math -mconstructor-aliases -funwind-tables=2 -target-cpu x86-64 -tune-cpu generic -mllvm -treat-scalable-fixed-error-as-warning -debugger-tuning=gdb -v -fcoverage-compilation-dir=/home/elliott/Documents/PlatformIO/Projects/lidar_room_scanner/build/CMakeFiles/CMakeTmp -resource-dir /usr/lib/llvm-14/lib/clang/14.0.0 -dependency-file CMakeFiles/cmTC_68d21.dir/CMakeCXXCompilerABI.cpp.o.d -MT CMakeFiles/cmTC_68d21.dir/CMakeCXXCompilerABI.cpp.o -sys-header-deps -internal-isystem /usr/bin/../lib/gcc/x86_64-linux-gnu/12/../../../../include/c++ -internal-isystem /usr/bin/../lib/gcc/x86_64-linux-gnu/12/../../../../include/c++/x86_64-linux-gnu -internal-isystem /usr/bin/../lib/gcc/x86_64-linux-gnu/12/../../../../include/c++/backward -internal-isystem /usr/lib/llvm-14/lib/clang/14.0.0/include -internal-isystem /usr/local/include -internal-isystem /usr/bin/../lib/gcc/x86_64-linux-gnu/12/../../../../x86_64-linux-gnu/include -internal-externc-isystem /usr/include/x86_64-linux-gnu -internal-externc-isystem /include -internal-externc-isystem /usr/include -fdeprecated-macro -fdebug-compilation-dir=/home/elliott/Documents/PlatformIO/Projects/lidar_room_scanner/build/CMakeFiles/CMakeTmp -ferror-limit 19 -fgnuc-version=4.2.1 -fcxx-exceptions -fexceptions -faddrsig -D__GCC_HAVE_DWARF2_CFI_ASM=1 -o CMakeFiles/cmTC_68d21.dir/CMakeCXXCompilerABI.cpp.o -x c++ /usr/share/cmake-3.22/Modules/CMakeCXXCompilerABI.cpp
clang -cc1 version 14.0.0 based upon LLVM 14.0.0 default target x86_64-pc-linux-gnu
ignoring nonexistent directory "/usr/bin/../lib/gcc/x86_64-linux-gnu/12/../../../../include/c++/x86_64-linux-gnu"
ignoring nonexistent directory "/usr/bin/../lib/gcc/x86_64-linux-gnu/12/../../../../include/c++/backward"
ignoring nonexistent directory "/usr/bin/../lib/gcc/x86_64-linux-gnu/12/../../../../x86_64-linux-gnu/include"
ignoring nonexistent directory "/include"
#include "..." search starts here:
#include <...> search starts here:
 /usr/bin/../lib/gcc/x86_64-linux-gnu/12/../../../../include/c++
 /usr/lib/llvm-14/lib/clang/14.0.0/include
 /usr/local/include
 /usr/include/x86_64-linux-gnu
 /usr/include
End of search list.
Linking CXX executable cmTC_68d21
/usr/bin/cmake -E cmake_link_script CMakeFiles/cmTC_68d21.dir/link.txt --verbose=1
/usr/bin/clang++-14  -v CMakeFiles/cmTC_68d21.dir/CMakeCXXCompilerABI.cpp.o -o cmTC_68d21 
Ubuntu clang version 14.0.0-1ubuntu1.1
Target: x86_64-pc-linux-gnu
Thread model: posix
InstalledDir: /usr/bin
Found candidate GCC installation: /usr/bin/../lib/gcc/x86_64-linux-gnu/11
Found candidate GCC installation: /usr/bin/../lib/gcc/x86_64-linux-gnu/12
Selected GCC installation: /usr/bin/../lib/gcc/x86_64-linux-gnu/12
Candidate multilib: .;@m64
Selected multilib: .;@m64
 "/usr/bin/ld" -pie -z relro --hash-style=gnu --build-id --eh-frame-hdr -m elf_x86_64 -dynamic-linker /lib64/ld-linux-x86-64.so.2 -o cmTC_68d21 /lib/x86_64-linux-gnu/Scrt1.o /lib/x86_64-linux-gnu/crti.o /usr/bin/../lib/gcc/x86_64-linux-gnu/12/crtbeginS.o -L/usr/bin/../lib/gcc/x86_64-linux-gnu/12 -L/usr/bin/../lib/gcc/x86_64-linux-gnu/12/../../../../lib64 -L/lib/x86_64-linux-gnu -L/lib/../lib64 -L/usr/lib/x86_64-linux-gnu -L/usr/lib/../lib64 -L/usr/lib/llvm-14/bin/../lib -L/lib -L/usr/lib CMakeFiles/cmTC_68d21.dir/CMakeCXXCompilerABI.cpp.o -lstdc++ -lm -lgcc_s -lgcc -lc -lgcc_s -lgcc /usr/bin/../lib/gcc/x86_64-linux-gnu/12/crtendS.o /lib/x86_64-linux-gnu/crtn.o
/usr/bin/ld: cannot find -lstdc++: No such file or directory
clang: error: linker command failed with exit code 1 (use -v to see invocation)
gmake[1]: *** [CMakeFiles/cmTC_68d21.dir/build.make:100: cmTC_68d21] Error 1
gmake[1]: Leaving directory '/home/elliott/Documents/PlatformIO/Projects/lidar_room_scanner/build/CMakeFiles/CMakeTmp'
gmake: *** [Makefile:127: cmTC_68d21/fast] Error 2




Determining if the CXX compiler works failed with the following output:
Change Dir: /home/elliott/Documents/PlatformIO/Projects/lidar_room_scanner/build/CMakeFiles/CMakeTmp

Run Build Command(s):/usr/bin/gmake -f Makefile cmTC_1a727/fast && /usr/bin/gmake  -f CMakeFiles/cmTC_1a727.dir/build.make CMakeFiles/cmTC_1a727.dir/build
gmake[1]: Entering directory '/home/elliott/Documents/PlatformIO/Projects/lidar_room_scanner/build/CMakeFiles/CMakeTmp'
Building CXX object CMakeFiles/cmTC_1a727.dir/testCXXCompiler.cxx.o
/usr/bin/clang++-14    -MD -MT CMakeFiles/cmTC_1a727.dir/testCXXCompiler.cxx.o -MF CMakeFiles/cmTC_1a727.dir/testCXXCompiler.cxx.o.d -o CMakeFiles/cmTC_1a727.dir/testCXXCompiler.cxx.o -c /home/elliott/Documents/PlatformIO/Projects/lidar_room_scanner/build/CMakeFiles/CMakeTmp/testCXXCompiler.cxx
Linking CXX executable cmTC_1a727
/usr/bin/cmake -E cmake_link_script CMakeFiles/cmTC_1a727.dir/link.txt --verbose=1
/usr/bin/clang++-14 CMakeFiles/cmTC_1a727.dir/testCXXCompiler.cxx.o -o cmTC_1a727 
/usr/bin/ld: cannot find -lstdc++: No such file or directory
clang: error: linker command failed with exit code 1 (use -v to see invocation)
gmake[1]: *** [CMakeFiles/cmTC_1a727.dir/build.make:100: cmTC_1a727] Error 1
gmake[1]: Leaving directory '/home/elliott/Documents/PlatformIO/Projects/lidar_room_scanner/build/CMakeFiles/CMakeTmp'
gmake: *** [Makefile:127: cmTC_1a727/fast] Error 2



Compiling the CXX compiler identification source file "CMakeCXXCompilerId.cpp" failed.
Compiler: /usr/bin/clang++-14 
Build flags: 
Id flags:  

The output was:
1
/usr/bin/ld: cannot find -lstdc++: No such file or directory
clang: error: linker command failed with exit code 1 (use -v to see invocation)


Detecting CXX compiler ABI info failed to compile with the following output:
Change Dir: /home/elliott/Documents/PlatformIO/Projects/lidar_room_scanner/build/CMakeFiles/CMakeTmp

Run Build Command(s):/usr/bin/gmake -f Makefile cmTC_28636/fast && /usr/bin/gmake  -f CMakeFiles/cmTC_28636.dir/build.make CMakeFiles/cmTC_28636.dir/build
gmake[1]: Entering directory '/home/elliott/Documents/PlatformIO/Projects/lidar_room_scanner/build/CMakeFiles/CMakeTmp'
Building CXX object CMakeFiles/cmTC_28636.dir/CMakeCXXCompilerABI.cpp.o
/usr/bin/clang++-14   -v -MD -MT CMakeFiles/cmTC_28636.dir/CMakeCXXCompilerABI.cpp.o -MF CMakeFiles/cmTC_28636.dir/CMakeCXXCompilerABI.cpp.o.d -o CMakeFiles/cmTC_28636.dir/CMakeCXXCompilerABI.cpp.o -c /usr/share/cmake-3.22/Modules/CMakeCXXCompilerABI.cpp
Ubuntu clang version 14.0.0-1ubuntu1.1
Target: x86_64-pc-linux-gnu
Thread model: posix
InstalledDir: /usr/bin
Found candidate GCC installation: /usr/bin/../lib/gcc/x86_64-linux-gnu/11
Found candidate GCC installation: /usr/bin/../lib/gcc/x86_64-linux-gnu/12
Selected GCC installation: /usr/bin/../lib/gcc/x86_64-linux-gnu/12
Candidate multilib: .;@m64
Selected multilib: .;@m64
 (in-process)
 "/usr/lib/llvm-14/bin/clang" -cc1 -triple x86_64-pc-linux-gnu -emit-obj -mrelax-all --mrelax-relocations -disable-free -clear-ast-before-backend -disable-llvm-verifier -discard-value-names -main-file-name CMakeCXXCompilerABI.cpp -mrelocation-model pic -pic-level 2 -pic-is-pie -mframe-pointer=all -fmath-errno -ffp-contract=on -fno-rounding-math -mconstructor-aliases -funwind-tables=2 -target-cpu x86-64 -tune-cpu generic -mllvm -treat-scalable-fixed-error-as-warning -debugger-tuning=gdb -v -fcoverage-compilation-dir=/home/elliott/Documents/PlatformIO/Projects/lidar_room_scanner/build/CMakeFiles/CMakeTmp -resource-dir /usr/lib/llvm-14/lib/clang/14.0.0 -dependency-file CMakeFiles/cmTC_28636.dir/CMakeCXXCompilerABI.cpp.o.d -MT CMakeFiles/cmTC_28636.dir/CMakeCXXCompilerABI.cpp.o -sys-header-deps -internal-isystem /usr/bin/../lib/gcc/x86_64-linux-gnu/12/../../../../include/c++ -internal-isystem /usr/bin/../lib/gcc/x86_64-linux-gnu/12/../../../../include/c++/x86_64-linux-gnu -internal-isystem /usr/bin/../lib/gcc/x86_64-linux-gnu/12/../../../../include/c++/backward -internal-isystem /usr/lib/llvm-14/lib/clang/14.0.0/include -internal-isystem /usr/local/include -internal-isystem /usr/bin/../lib/gcc/x86_64-linux-gnu/12/../../../../x86_64-linux-gnu/include -internal-externc-isystem /usr/include/x86_64-linux-gnu -internal-externc-isystem /include -internal-externc-isystem /usr/include -fdeprecated-macro -fdebug-compilation-dir=/home/elliott/Documents/PlatformIO/Projects/lidar_room_scanner/build/CMakeFiles/CMakeTmp -ferror-limit 19 -fgnuc-version=4.2.1 -fcxx-exceptions -fexceptions -faddrsig -D__GCC_HAVE_DWARF2_CFI_ASM=1 -o CMakeFiles/cmTC_28636.dir/CMakeCXXCompilerABI.cpp.o -x c++ /usr/share/cmake-3.22/Modules/CMakeCXXCompilerABI.cpp
clang -cc1 version 14.0.0 based upon LLVM 14.0.0 default target x86_64-pc-linux-gnu
ignoring nonexistent directory "/usr/bin/../lib/gcc/x86_64-linux-gnu/12/../../../../include/c++/x86_64-linux-gnu"
ignoring nonexistent directory "/usr/bin/../lib/gcc/x86_64-linux-gnu/12/../../../../include/c++/backward"
ignoring nonexistent directory "/usr/bin/../lib/gcc/x86_64-linux-gnu/12/../../../../x86_64-linux-gnu/include"
ignoring nonexistent directory "/include"
#include "..." search starts here:
#include <...> search starts here:
 /usr/bin/../lib/gcc/x86_64-linux-gnu/12/../../../../include/c++
 /usr/lib/llvm-14/lib/clang/14.0.0/include
 /usr/local/include
 /usr/include/x86_64-linux-gnu
 /usr/include
End of search list.
Linking CXX executable cmTC_28636
/usr/bin/cmake -E cmake_link_script CMakeFiles/cmTC_28636.dir/link.txt --verbose=1
/usr/bin/clang++-14  -v CMakeFiles/cmTC_28636.dir/CMakeCXXCompilerABI.cpp.o -o cmTC_28636 
Ubuntu clang version 14.0.0-1ubuntu1.1
Target: x86_64-pc-linux-gnu
Thread model: posix
InstalledDir: /usr/bin
Found candidate GCC installation: /usr/bin/../lib/gcc/x86_64-linux-gnu/11
Found candidate GCC installation: /usr/bin/../lib/gcc/x86_64-linux-gnu/12
Selected GCC installation: /usr/bin/../lib/gcc/x86_64-linux-gnu/12
Candidate multilib: .;@m64
Selected multilib: .;@m64
 "/usr/bin/ld" -pie -z relro --hash-style=gnu --build-id --eh-frame-hdr -m elf_x86_64 -dynamic-linker /lib64/ld-linux-x86-64.so.2 -o cmTC_28636 /lib/x86_64-linux-gnu/Scrt1.o /lib/x86_64-linux-gnu/crti.o /usr/bin/../lib/gcc/x86_64-linux-gnu/12/crtbeginS.o -L/usr/bin/../lib/gcc/x86_64-linux-gnu/12 -L/usr/bin/../lib/gcc/x86_64-linux-gnu/12/../../../../lib64 -L/lib/x86_64-linux-gnu -L/lib/../lib64 -L/usr/lib/x86_64-linux-gnu -L/usr/lib/../lib64 -L/usr/lib/llvm-14/bin/../lib -L/lib -L/usr/lib CMakeFiles/cmTC_28636.dir/CMakeCXXCompilerABI.cpp.o -lstdc++ -lm -lgcc_s -lgcc -lc -lgcc_s -lgcc /usr/bin/../lib/gcc/x86_64-linux-gnu/12/crtendS.o /lib/x86_64-linux-gnu/crtn.o
/usr/bin/ld: cannot find -lstdc++: No such file or directory
clang: error: linker command failed with exit code 1 (use -v to see invocation)
gmake[1]: *** [CMakeFiles/cmTC_28636.dir/build.make:100: cmTC_28636] Error 1
gmake[1]: Leaving directory '/home/elliott/Documents/PlatformIO/Projects/lidar_room_scanner/build/CMakeFiles/CMakeTmp'
gmake: *** [Makefile:127: cmTC_28636/fast] Error 2




Determining if the CXX compiler works failed with the following output:
Change Dir: /home/elliott/Documents/PlatformIO/Projects/lidar_room_scanner/build/CMakeFiles/CMakeTmp

Run Build Command(s):/usr/bin/gmake -f Makefile cmTC_add73/fast && /usr/bin/gmake  -f CMakeFiles/cmTC_add73.dir/build.make CMakeFiles/cmTC_add73.dir/build
gmake[1]: Entering directory '/home/elliott/Documents/PlatformIO/Projects/lidar_room_scanner/build/CMakeFiles/CMakeTmp'
Building CXX object CMakeFiles/cmTC_add73.dir/testCXXCompiler.cxx.o
/usr/bin/clang++-14    -MD -MT CMakeFiles/cmTC_add73.dir/testCXXCompiler.cxx.o -MF CMakeFiles/cmTC_add73.dir/testCXXCompiler.cxx.o.d -o CMakeFiles/cmTC_add73.dir/testCXXCompiler.cxx.o -c /home/elliott/Documents/PlatformIO/Projects/lidar_room_scanner/build/CMakeFiles/CMakeTmp/testCXXCompiler.cxx
Linking CXX executable cmTC_add73
/usr/bin/cmake -E cmake_link_script CMakeFiles/cmTC_add73.dir/link.txt --verbose=1
/usr/bin/clang++-14 CMakeFiles/cmTC_add73.dir/testCXXCompiler.cxx.o -o cmTC_add73 
/usr/bin/ld: cannot find -lstdc++: No such file or directory
clang: error: linker command failed with exit code 1 (use -v to see invocation)
gmake[1]: *** [CMakeFiles/cmTC_add73.dir/build.make:100: cmTC_add73] Error 1
gmake[1]: Leaving directory '/home/elliott/Documents/PlatformIO/Projects/lidar_room_scanner/build/CMakeFiles/CMakeTmp'
gmake: *** [Makefile:127: cmTC_add73/fast] Error 2



Compiling the CXX compiler identification source file "CMakeCXXCompilerId.cpp" failed.
Compiler: /usr/bin/clang++-14 
Build flags: 
Id flags:  

The output was:
1
/usr/bin/ld: cannot find -lstdc++: No such file or directory
clang: error: linker command failed with exit code 1 (use -v to see invocation)


Detecting CXX compiler ABI info failed to compile with the following output:
Change Dir: /home/elliott/Documents/PlatformIO/Projects/lidar_room_scanner/build/CMakeFiles/CMakeTmp

Run Build Command(s):/usr/bin/gmake -f Makefile cmTC_df6e0/fast && /usr/bin/gmake  -f CMakeFiles/cmTC_df6e0.dir/build.make CMakeFiles/cmTC_df6e0.dir/build
gmake[1]: Entering directory '/home/elliott/Documents/PlatformIO/Projects/lidar_room_scanner/build/CMakeFiles/CMakeTmp'
Building CXX object CMakeFiles/cmTC_df6e0.dir/CMakeCXXCompilerABI.cpp.o
/usr/bin/clang++-14   -v -MD -MT CMakeFiles/cmTC_df6e0.dir/CMakeCXXCompilerABI.cpp.o -MF CMakeFiles/cmTC_df6e0.dir/CMakeCXXCompilerABI.cpp.o.d -o CMakeFiles/cmTC_df6e0.dir/CMakeCXXCompilerABI.cpp.o -c /usr/share/cmake-3.22/Modules/CMakeCXXCompilerABI.cpp
Ubuntu clang version 14.0.0-1ubuntu1.1
Target: x86_64-pc-linux-gnu
Thread model: posix
InstalledDir: /usr/bin
Found candidate GCC installation: /usr/bin/../lib/gcc/x86_64-linux-gnu/11
Found candidate GCC installation: /usr/bin/../lib/gcc/x86_64-linux-gnu/12
Selected GCC installation: /usr/bin/../lib/gcc/x86_64-linux-gnu/12
Candidate multilib: .;@m64
Selected multilib: .;@m64
 (in-process)
 "/usr/lib/llvm-14/bin/clang" -cc1 -triple x86_64-pc-linux-gnu -emit-obj -mrelax-all --mrelax-relocations -disable-free -clear-ast-before-backend -disable-llvm-verifier -discard-value-names -main-file-name CMakeCXXCompilerABI.cpp -mrelocation-model pic -pic-level 2 -pic-is-pie -mframe-pointer=all -fmath-errno -ffp-contract=on -fno-rounding-math -mconstructor-aliases -funwind-tables=2 -target-cpu x86-64 -tune-cpu generic -mllvm -treat-scalable-fixed-error-as-warning -debugger-tuning=gdb -v -fcoverage-compilation-dir=/home/elliott/Documents/PlatformIO/Projects/lidar_room_scanner/build/CMakeFiles/CMakeTmp -resource-dir /usr/lib/llvm-14/lib/clang/14.0.0 -dependency-file CMakeFiles/cmTC_df6e0.dir/CMakeCXXCompilerABI.cpp.o.d -MT CMakeFiles/cmTC_df6e0.dir/CMakeCXXCompilerABI.cpp.o -sys-header-deps -internal-isystem /usr/bin/../lib/gcc/x86_64-linux-gnu/12/../../../../include/c++ -internal-isystem /usr/bin/../lib/gcc/x86_64-linux-gnu/12/../../../../include/c++/x86_64-linux-gnu -internal-isystem /usr/bin/../lib/gcc/x86_64-linux-gnu/12/../../../../include/c++/backward -internal-isystem /usr/lib/llvm-14/lib/clang/14.0.0/include -internal-isystem /usr/local/include -internal-isystem /usr/bin/../lib/gcc/x86_64-linux-gnu/12/../../../../x86_64-linux-gnu/include -internal-externc-isystem /usr/include/x86_64-linux-gnu -internal-externc-isystem /include -internal-externc-isystem /usr/include -fdeprecated-macro -fdebug-compilation-dir=/home/elliott/Documents/PlatformIO/Projects/lidar_room_scanner/build/CMakeFiles/CMakeTmp -ferror-limit 19 -fgnuc-version=4.2.1 -fcxx-exceptions -fexceptions -faddrsig -D__GCC_HAVE_DWARF2_CFI_ASM=1 -o CMakeFiles/cmTC_df6e0.dir/CMakeCXXCompilerABI.cpp.o -x c++ /usr/share/cmake-3.22/Modules/CMakeCXXCompilerABI.cpp
clang -cc1 version 14.0.0 based upon LLVM 14.0.0 default target x86_64-pc-linux-gnu
ignoring nonexistent directory "/usr/bin/../lib/gcc/x86_64-linux-gnu/12/../../../../include/c++/x86_64-linux-gnu"
ignoring nonexistent directory "/usr/bin/../lib/gcc/x86_64-linux-gnu/12/../../../../include/c++/backward"
ignoring nonexistent directory "/usr/bin/../lib/gcc/x86_64-linux-gnu/12/../../../../x86_64-linux-gnu/include"
ignoring nonexistent directory "/include"
#include "..." search starts here:
#include <...> search starts here:
 /usr/bin/../lib/gcc/x86_64-linux-gnu/12/../../../../include/c++
 /usr/lib/llvm-14/lib/clang/14.0.0/include
 /usr/local/include
 /usr/include/x86_64-linux-gnu
 /usr/include
End of search list.
Linking CXX executable cmTC_df6e0
/usr/bin/cmake -E cmake_link_script CMakeFiles/cmTC_df6e0.dir/link.txt --verbose=1
/usr/bin/clang++-14  -v CMakeFiles/cmTC_df6e0.dir/CMakeCXXCompilerABI.cpp.o -o cmTC_df6e0 
Ubuntu clang version 14.0.0-1ubuntu1.1
Target: x86_64-pc-linux-gnu
Thread model: posix
InstalledDir: /usr/bin
Found candidate GCC installation: /usr/bin/../lib/gcc/x86_64-linux-gnu/11
Found candidate GCC installation: /usr/bin/../lib/gcc/x86_64-linux-gnu/12
Selected GCC installation: /usr/bin/../lib/gcc/x86_64-linux-gnu/12
Candidate multilib: .;@m64
Selected multilib: .;@m64
 "/usr/bin/ld" -pie -z relro --hash-style=gnu --build-id --eh-frame-hdr -m elf_x86_64 -dynamic-linker /lib64/ld-linux-x86-64.so.2 -o cmTC_df6e0 /lib/x86_64-linux-gnu/Scrt1.o /lib/x86_64-linux-gnu/crti.o /usr/bin/../lib/gcc/x86_64-linux-gnu/12/crtbeginS.o -L/usr/bin/../lib/gcc/x86_64-linux-gnu/12 -L/usr/bin/../lib/gcc/x86_64-linux-gnu/12/../../../../lib64 -L/lib/x86_64-linux-gnu -L/lib/../lib64 -L/usr/lib/x86_64-linux-gnu -L/usr/lib/../lib64 -L/usr/lib/llvm-14/bin/../lib -L/lib -L/usr/lib CMakeFiles/cmTC_df6e0.dir/CMakeCXXCompilerABI.cpp.o -lstdc++ -lm -lgcc_s -lgcc -lc -lgcc_s -lgcc /usr/bin/../lib/gcc/x86_64-linux-gnu/12/crtendS.o /lib/x86_64-linux-gnu/crtn.o
/usr/bin/ld: cannot find -lstdc++: No such file or directory
clang: error: linker command failed with exit code 1 (use -v to see invocation)
gmake[1]: *** [CMakeFiles/cmTC_df6e0.dir/build.make:100: cmTC_df6e0] Error 1
gmake[1]: Leaving directory '/home/elliott/Documents/PlatformIO/Projects/lidar_room_scanner/build/CMakeFiles/CMakeTmp'
gmake: *** [Makefile:127: cmTC_df6e0/fast] Error 2




Determining if the CXX compiler works failed with the following output:
Change Dir: /home/elliott/Documents/PlatformIO/Projects/lidar_room_scanner/build/CMakeFiles/CMakeTmp

Run Build Command(s):/usr/bin/gmake -f Makefile cmTC_f4cd4/fast && /usr/bin/gmake  -f CMakeFiles/cmTC_f4cd4.dir/build.make CMakeFiles/cmTC_f4cd4.dir/build
gmake[1]: Entering directory '/home/elliott/Documents/PlatformIO/Projects/lidar_room_scanner/build/CMakeFiles/CMakeTmp'
Building CXX object CMakeFiles/cmTC_f4cd4.dir/testCXXCompiler.cxx.o
/usr/bin/clang++-14    -MD -MT CMakeFiles/cmTC_f4cd4.dir/testCXXCompiler.cxx.o -MF CMakeFiles/cmTC_f4cd4.dir/testCXXCompiler.cxx.o.d -o CMakeFiles/cmTC_f4cd4.dir/testCXXCompiler.cxx.o -c /home/elliott/Documents/PlatformIO/Projects/lidar_room_scanner/build/CMakeFiles/CMakeTmp/testCXXCompiler.cxx
Linking CXX executable cmTC_f4cd4
/usr/bin/cmake -E cmake_link_script CMakeFiles/cmTC_f4cd4.dir/link.txt --verbose=1
/usr/bin/clang++-14 CMakeFiles/cmTC_f4cd4.dir/testCXXCompiler.cxx.o -o cmTC_f4cd4 
/usr/bin/ld: cannot find -lstdc++: No such file or directory
clang: error: linker command failed with exit code 1 (use -v to see invocation)
gmake[1]: *** [CMakeFiles/cmTC_f4cd4.dir/build.make:100: cmTC_f4cd4] Error 1
gmake[1]: Leaving directory '/home/elliott/Documents/PlatformIO/Projects/lidar_room_scanner/build/CMakeFiles/CMakeTmp'
gmake: *** [Makefile:127: cmTC_f4cd4/fast] Error 2



